Resolving dependencies...
Downloading packages...
  characters 1.4.0 (1.4.1 available)
  fl_chart 0.65.0 (1.1.1 available)
  flutter_lints 2.0.3 (6.0.0 available)
  flutter_riverpod 2.6.1 (3.1.0 available)
  go_router 12.1.3 (17.0.1 available)
  google_fonts 6.3.3 (7.0.1 available)
  intl 0.18.1 (0.20.2 available)
  lints 2.1.1 (6.0.0 available)
  matcher 0.12.17 (0.12.18 available)
  material_color_utilities 0.11.1 (0.13.0 available)
  riverpod 2.6.1 (3.1.0 available)
  test_api 0.7.7 (0.7.9 available)
Got dependencies!
12 packages have newer versions incompatible with dependency constraints.
Try `flutter pub outdated` for more information.
Downloading Web SDK...                                              6.5s
Resolving dependencies...
Downloading packages...
  characters 1.4.0 (1.4.1 available)
  fl_chart 0.65.0 (1.1.1 available)
  flutter_lints 2.0.3 (6.0.0 available)
  flutter_riverpod 2.6.1 (3.1.0 available)
  go_router 12.1.3 (17.0.1 available)
  google_fonts 6.3.3 (7.0.1 available)
  intl 0.18.1 (0.20.2 available)
  lints 2.1.1 (6.0.0 available)
  matcher 0.12.17 (0.12.18 available)
  material_color_utilities 0.11.1 (0.13.0 available)
  riverpod 2.6.1 (3.1.0 available)
  test_api 0.7.7 (0.7.9 available)
Got dependencies!
12 packages have newer versions incompatible with dependency constraints.
Try `flutter pub outdated` for more information.
Compiling lib/main_admin.dart for the Web...                    