Resolving dependencies...
Downloading packages...
  characters 1.4.0 (1.4.1 available)
  fl_chart 0.65.0 (1.1.1 available)
  flutter_lints 2.0.3 (6.0.0 available)
  flutter_riverpod 2.6.1 (3.1.0 available)
  go_router 12.1.3 (17.0.1 available)
  google_fonts 6.3.3 (7.0.1 available)
  intl 0.18.1 (0.20.2 available)
  lints 2.1.1 (6.0.0 available)
  matcher 0.12.17 (0.12.18 available)
  material_color_utilities 0.11.1 (0.13.0 available)
  riverpod 2.6.1 (3.1.0 available)
  test_api 0.7.7 (0.7.9 available)
Got dependencies!
12 packages have newer versions incompatible with dependency constraints.
Try `flutter pub outdated` for more information.
Downloading Web SDK...                                             12.6s
Resolving dependencies...
Downloading packages...
  characters 1.4.0 (1.4.1 available)
  fl_chart 0.65.0 (1.1.1 available)
  flutter_lints 2.0.3 (6.0.0 available)
  flutter_riverpod 2.6.1 (3.1.0 available)
  go_router 12.1.3 (17.0.1 available)
  google_fonts 6.3.3 (7.0.1 available)
  intl 0.18.1 (0.20.2 available)
  lints 2.1.1 (6.0.0 available)
  matcher 0.12.17 (0.12.18 available)
  material_color_utilities 0.11.1 (0.13.0 available)
  riverpod 2.6.1 (3.1.0 available)
  test_api 0.7.7 (0.7.9 available)
Got dependencies!
12 packages have newer versions incompatible with dependency constraints.
Try `flutter pub outdated` for more information.
Compiling lib/main_admin.dart for the Web...                    
Wasm dry run succeeded. Consider building and testing your application with the `--wasm` flag. See docs for more info: https://docs.flutter.dev/platform-integration/web/wasm
Use --no-wasm-dry-run to disable these warnings.
Target dart2js failed: ProcessException: Process exited abnormally with exit code 1:
lib/features/admin/ui/widgets/organisms/master_iot_monitoring_section.dart:3:8:
Error: Error when reading 'lib/features/core/theme/app_theme.dart': Error reading 'lib/features/core/theme/app_theme.dart'  (No such file or directory)
import '../../../../core/theme/app_theme.dart';
       ^
lib/features/admin/ui/widgets/organisms/master_iot_monitoring_section.dart:17:35:
Error: The getter 'AppTheme' isn't defined for the type 'MasterIoTMonitoringSection'.
 - 'MasterIoTMonitoringSection' is from 'package:greenbee_beyond_space/features/admin/ui/widgets/organisms/master_iot_monitoring_section.dart' ('lib/features/admin/ui/widgets/organisms/master_iot_monitoring_section.dart').
        border: Border.all(color: AppTheme.glassBorder, width: 0.5.w),
                                  ^^^^^^^^
lib/features/admin/ui/widgets/organisms/master_iot_monitoring_section.dart:24:50:
Error: The getter 'AppTheme' isn't defined for the type 'MasterIoTMonitoringSection'.
 - 'MasterIoTMonitoringSection' is from 'package:greenbee_beyond_space/features/admin/ui/widgets/organisms/master_iot_monitoring_section.dart' ('lib/features/admin/ui/widgets/organisms/master_iot_monitoring_section.dart').
              Icon(Icons.sensors_rounded, color: AppTheme.accentMint, size: 28.sp),
                                                 ^^^^^^^^
lib/features/admin/ui/widgets/organisms/master_iot_monitoring_section.dart:30:26:
Error: The getter 'AppTheme' isn't defined for the type 'MasterIoTMonitoringSection'.
 - 'MasterIoTMonitoringSection' is from 'package:greenbee_beyond_space/features/admin/ui/widgets/organisms/master_iot_monitoring_section.dart' ('lib/features/admin/ui/widgets/organisms/master_iot_monitoring_section.dart').
                  color: AppTheme.textHigh,
                         ^^^^^^^^
lib/features/admin/ui/widgets/organisms/master_iot_monitoring_section.dart:76:26:
Error: The getter 'AppTheme' isn't defined for the type 'MasterIoTMonitoringSection'.
 - 'MasterIoTMonitoringSection' is from 'package:greenbee_beyond_space/features/admin/ui/widgets/organisms/master_iot_monitoring_section.dart' ('lib/features/admin/ui/widgets/organisms/master_iot_monitoring_section.dart').
                  color: AppTheme.textLow.withValues(alpha: 0.5),
                         ^^^^^^^^
lib/features/admin/ui/widgets/organisms/master_iot_monitoring_section.dart:103:62:
Error: The getter 'AppTheme' isn't defined for the type '_IoTStatItem'.
 - '_IoTStatItem' is from 'package:greenbee_beyond_space/features/admin/ui/widgets/organisms/master_iot_monitoring_section.dart' ('lib/features/admin/ui/widgets/organisms/master_iot_monitoring_section.dart').
            style: TextStyle(fontFamily: 'Paperlogy', color: AppTheme.textLow, fontSize: 13.sp),
                                                             ^^^^^^^^
lib/features/admin/ui/widgets/organisms/master_iot_monitoring_section.dart:110:22:
Error: The getter 'AppTheme' isn't defined for the type '_IoTStatItem'.
 - '_IoTStatItem' is from 'package:greenbee_beyond_space/features/admin/ui/widgets/organisms/master_iot_monitoring_section.dart' ('lib/features/admin/ui/widgets/organisms/master_iot_monitoring_section.dart').
              color: AppTheme.textHigh,
                     ^^^^^^^^
lib/features/admin/ui/widgets/organisms/master_iot_monitoring_section.dart:118:62:
Error: The getter 'AppTheme' isn't defined for the type '_IoTStatItem'.
 - '_IoTStatItem' is from 'package:greenbee_beyond_space/features/admin/ui/widgets/organisms/master_iot_monitoring_section.dart' ('lib/features/admin/ui/widgets/organisms/master_iot_monitoring_section.dart').
            style: TextStyle(fontFamily: 'Paperlogy', color: AppTheme.accentMint.withValues(alpha: 0.7), fontSize: 12.sp),
                                                             ^^^^^^^^
lib/features/admin/ui/widgets/organisms/master_iot_monitoring_section.dart:157:52:
Error: Not a constant expression.
            decoration: const BoxDecoration(color: AppTheme.accentMint, shape: BoxShape.circle),
                                                   ^^^^^^^^
lib/features/admin/ui/widgets/organisms/master_iot_monitoring_section.dart:147:16:
Error: The getter 'AppTheme' isn't defined for the type '_StatusBadge'.
 - '_StatusBadge' is from 'package:greenbee_beyond_space/features/admin/ui/widgets/organisms/master_iot_monitoring_section.dart' ('lib/features/admin/ui/widgets/organisms/master_iot_monitoring_section.dart').
        color: AppTheme.accentMint.withValues(alpha: 0.1),
               ^^^^^^^^
lib/features/admin/ui/widgets/organisms/master_iot_monitoring_section.dart:149:35:
Error: The getter 'AppTheme' isn't defined for the type '_StatusBadge'.
 - '_StatusBadge' is from 'package:greenbee_beyond_space/features/admin/ui/widgets/organisms/master_iot_monitoring_section.dart' ('lib/features/admin/ui/widgets/organisms/master_iot_monitoring_section.dart').
        border: Border.all(color: AppTheme.accentMint.withValues(alpha: 0.3)),
                                  ^^^^^^^^
lib/features/admin/ui/widgets/organisms/master_iot_monitoring_section.dart:164:22:
Error: The getter 'AppTheme' isn't defined for the type '_StatusBadge'.
 - '_StatusBadge' is from 'package:greenbee_beyond_space/features/admin/ui/widgets/organisms/master_iot_monitoring_section.dart' ('lib/features/admin/ui/widgets/organisms/master_iot_monitoring_section.dart').
              color: AppTheme.accentMint,
                     ^^^^^^^^
Error: Compilation failed.
  Command: /sdks/flutter/bin/cache/dart-sdk/bin/dart compile js --platform-binaries=/sdks/flutter/bin/cache/flutter_web_sdk/kernel --invoker=flutter_tool -Ddart.vm.product=true -DFLUTTER_VERSION=3.38.5 -DFLUTTER_CHANNEL=[user-branch] -DFLUTTER_GIT_URL=unknown source -DFLUTTER_FRAMEWORK_REVISION=f6ff1529fd -DFLUTTER_ENGINE_REVISION=1527ae0ec5 -DFLUTTER_DART_VERSION=3.10.4 -DFLUTTER_WEB_USE_SKIA=true -DFLUTTER_WEB_USE_SKWASM=false -DFLUTTER_WEB_CANVASKIT_URL=https://www.gstatic.com/flutter-canvaskit/1527ae0ec577a4ef50e65f6fefcfc1326707d9bf/ --native-null-assertions --no-source-maps -O4 --minify -o /app/.dart_tool/flutter_build/680fca032c9f1eca72a04a592c99c946/app.dill --packages=/app/.dart_tool/package_config.json --cfe-only /app/.dart_tool/flutter_build/680fca032c9f1eca72a04a592c99c946/main.dart
#0      RunResult.throwException (package:flutter_tools/src/base/process.dart:153:5)
#1      _DefaultProcessUtils.run (package:flutter_tools/src/base/process.dart:379:19)
<asynchronous suspension>
#2      Dart2JSTarget.build (package:flutter_tools/src/build_system/targets/web.dart:207:5)
<asynchronous suspension>
#3      _BuildInstance._invokeInternal (package:flutter_tools/src/build_system/build_system.dart:895:9)
<asynchronous suspension>
#4      Future.wait.<anonymous closure> (dart:async/future.dart:546:21)
<asynchronous suspension>
#5      _BuildInstance.invokeTarget (package:flutter_tools/src/build_system/build_system.dart:833:32)
<asynchronous suspension>
#6      Future.wait.<anonymous closure> (dart:async/future.dart:546:21)
<asynchronous suspension>
#7      _BuildInstance.invokeTarget (package:flutter_tools/src/build_system/build_system.dart:833:32)
<asynchronous suspension>
#8      FlutterBuildSystem.build (package:flutter_tools/src/build_system/build_system.dart:653:16)
<asynchronous suspension>
#9      WebBuilder.buildWeb (package:flutter_tools/src/web/compile.dart:94:34)
<asynchronous suspension>
#10     BuildWebCommand.runCommand (package:flutter_tools/src/commands/build_web.dart:296:5)
<asynchronous suspension>
#11     FlutterCommand.run.<anonymous closure> (package:flutter_tools/src/runner/flutter_command.dart:1559:27)
<asynchronous suspension>
#12     AppContext.run.<anonymous closure> (package:flutter_tools/src/base/context.dart:154:19)
<asynchronous suspension>
#13     CommandRunner.runCommand (package:args/command_runner.dart:212:13)
<asynchronous suspension>
#14     FlutterCommandRunner.runCommand.<anonymous closure> (package:flutter_tools/src/runner/flutter_command_runner.dart:487:9)
<asynchronous suspension>
#15     AppContext.run.<anonymous closure> (package:flutter_tools/src/base/context.dart:154:19)
<asynchronous suspension>
#16     FlutterCommandRunner.runCommand (package:flutter_tools/src/runner/flutter_command_runner.dart:422:5)
<asynchronous suspension>
#17     run.<anonymous closure>.<anonymous closure> (package:flutter_tools/runner.dart:104:11)
<asynchronous suspension>
#18     AppContext.run.<anonymous closure> (package:flutter_tools/src/base/context.dart:154:19)
<asynchronous suspension>
#19     main (package:flutter_tools/executable.dart:103:3)
<asynchronous suspension>

Compiling lib/main_admin.dart for the Web...                      471.3s
Error: Failed to compile application for the Web.
